# JRE version: OpenJDK Runtime Environment Corretto-17.0.12.7.1 (17.0.12+7) (build 17.0.12+7-LTS)
# Java VM: OpenJDK 64-Bit Server VM Corretto-17.0.12.7.1 (17.0.12+7-LTS, mixed mode, sharing, tiered, compressed oops, compressed class ptrs, g1 gc, windows-amd64)
GC Precious Log:
 CPUs: 16 total, 16 available
 Memory: 15608M
 Large Page Support: Disabled
 NUMA Support: Disabled
 Compressed Oops: Enabled (32-bit)
 Heap Region Size: 1M
 Heap Min Capacity: 8M
 Heap Initial Capacity: 244M
 Heap Max Capacity: 2G
 Pre-touch: Disabled
 Parallel Workers: 13
 Concurrent Workers: 3
 Concurrent Refinement Workers: 13
 Periodic GC: Disabled
Heap:
 garbage-first heap   total 249856K, used 150895K [0x0000000080000000, 0x0000000100000000)
  region size 1024K, 5 young (5120K), 5 survivors (5120K)
 Metaspace       used 99226K, committed 100160K, reserved 1179648K
  class space    used 13774K, committed 14272K, reserved 1048576K
GC Heap History (20 events):
Event: 15.426 GC heap after
{Heap after GC invocations=33 (full 0):
 garbage-first heap   total 196608K, used 105134K [0x0000000080000000, 0x0000000100000000)
  region size 1024K, 8 young (8192K), 8 survivors (8192K)
 Metaspace       used 88835K, committed 89664K, reserved 1179648K
  class space    used 12439K, committed 12864K, reserved 1048576K
}
Event: 15.436 GC heap before
{Heap before GC invocations=33 (full 0):
 garbage-first heap   total 196608K, used 106158K [0x0000000080000000, 0x0000000100000000)
  region size 1024K, 9 young (9216K), 8 survivors (8192K)
 Metaspace       used 88882K, committed 89728K, reserved 1179648K
  class space    used 12447K, committed 12864K, reserved 1048576K
}
Event: 15.444 GC heap after
{Heap after GC invocations=34 (full 0):
 garbage-first heap   total 196608K, used 104859K [0x0000000080000000, 0x0000000100000000)
  region size 1024K, 1 young (1024K), 1 survivors (1024K)
 Metaspace       used 88882K, committed 89728K, reserved 1179648K
  class space    used 12447K, committed 12864K, reserved 1048576K
}
Event: 16.372 GC heap before
{Heap before GC invocations=34 (full 0):
 garbage-first heap   total 196608K, used 161179K [0x0000000080000000, 0x0000000100000000)
  region size 1024K, 56 young (57344K), 1 survivors (1024K)
 Metaspace       used 92161K, committed 92992K, reserved 1179648K
  class space    used 12973K, committed 13440K, reserved 1048576K
}
Event: 16.379 GC heap after
{Heap after GC invocations=35 (full 0):
 garbage-first heap   total 196608K, used 109550K [0x0000000080000000, 0x0000000100000000)
  region size 1024K, 6 young (6144K), 6 survivors (6144K)
 Metaspace       used 92161K, committed 92992K, reserved 1179648K
  class space    used 12973K, committed 13440K, reserved 1048576K
}
Event: 17.029 GC heap before
{Heap before GC invocations=36 (full 0):
 garbage-first heap   total 214016K, used 158702K [0x0000000080000000, 0x0000000100000000)
  region size 1024K, 55 young (56320K), 6 survivors (6144K)
 Metaspace       used 95073K, committed 95936K, reserved 1179648K
  class space    used 13312K, committed 13760K, reserved 1048576K
}
Event: 17.037 GC heap after
{Heap after GC invocations=37 (full 0):
 garbage-first heap   total 214016K, used 114268K [0x0000000080000000, 0x0000000100000000)
  region size 1024K, 5 young (5120K), 5 survivors (5120K)
 Metaspace       used 95073K, committed 95936K, reserved 1179648K
  class space    used 13312K, committed 13760K, reserved 1048576K
}
Event: 17.080 GC heap before
{Heap before GC invocations=37 (full 0):
 garbage-first heap   total 214016K, used 119388K [0x0000000080000000, 0x0000000100000000)
  region size 1024K, 10 young (10240K), 5 survivors (5120K)
 Metaspace       used 95362K, committed 96256K, reserved 1179648K
  class space    used 13344K, committed 13824K, reserved 1048576K
}
Event: 17.084 GC heap after
{Heap after GC invocations=38 (full 0):
 garbage-first heap   total 214016K, used 114718K [0x0000000080000000, 0x0000000100000000)
  region size 1024K, 2 young (2048K), 2 survivors (2048K)
 Metaspace       used 95362K, committed 96256K, reserved 1179648K
  class space    used 13344K, committed 13824K, reserved 1048576K
}
Event: 17.546 GC heap before
{Heap before GC invocations=38 (full 0):
 garbage-first heap   total 214016K, used 174110K [0x0000000080000000, 0x0000000100000000)
  region size 1024K, 61 young (62464K), 2 survivors (2048K)
 Metaspace       used 95951K, committed 96832K, reserved 1179648K
  class space    used 13433K, committed 13888K, reserved 1048576K
}
Event: 17.551 GC heap after
{Heap after GC invocations=39 (full 0):
 garbage-first heap   total 214016K, used 120750K [0x0000000080000000, 0x0000000100000000)
  region size 1024K, 7 young (7168K), 7 survivors (7168K)
 Metaspace       used 95951K, committed 96832K, reserved 1179648K
  class space    used 13433K, committed 13888K, reserved 1048576K
}
Event: 18.018 GC heap before
{Heap before GC invocations=39 (full 0):
 garbage-first heap   total 214016K, used 175022K [0x0000000080000000, 0x0000000100000000)
  region size 1024K, 61 young (62464K), 7 survivors (7168K)
 Metaspace       used 96398K, committed 97280K, reserved 1179648K
  class space    used 13480K, committed 13952K, reserved 1048576K
}
Event: 18.024 GC heap after
{Heap after GC invocations=40 (full 0):
 garbage-first heap   total 214016K, used 123953K [0x0000000080000000, 0x0000000100000000)
  region size 1024K, 5 young (5120K), 5 survivors (5120K)
 Metaspace       used 96398K, committed 97280K, reserved 1179648K
  class space    used 13480K, committed 13952K, reserved 1048576K
}
Event: 18.462 GC heap before
{Heap before GC invocations=40 (full 0):
 garbage-first heap   total 214016K, used 181297K [0x0000000080000000, 0x0000000100000000)
  region size 1024K, 57 young (58368K), 5 survivors (5120K)
 Metaspace       used 98298K, committed 99200K, reserved 1179648K
  class space    used 13608K, committed 14080K, reserved 1048576K
}
Event: 18.467 GC heap after
{Heap after GC invocations=41 (full 0):
 garbage-first heap   total 214016K, used 128474K [0x0000000080000000, 0x0000000100000000)
  region size 1024K, 6 young (6144K), 6 survivors (6144K)
 Metaspace       used 98298K, committed 99200K, reserved 1179648K
  class space    used 13608K, committed 14080K, reserved 1048576K
}
Event: 18.727 GC heap before
{Heap before GC invocations=41 (full 0):
 garbage-first heap   total 214016K, used 176602K [0x0000000080000000, 0x0000000100000000)
  region size 1024K, 54 young (55296K), 6 survivors (6144K)
 Metaspace       used 99144K, committed 100032K, reserved 1179648K
  class space    used 13764K, committed 14208K, reserved 1048576K
}
Event: 18.733 GC heap after
{Heap after GC invocations=42 (full 0):
 garbage-first heap   total 214016K, used 135092K [0x0000000080000000, 0x0000000100000000)
  region size 1024K, 7 young (7168K), 7 survivors (7168K)
 Metaspace       used 99144K, committed 100032K, reserved 1179648K
  class space    used 13764K, committed 14208K, reserved 1048576K
}
Event: 18.750 GC heap before
{Heap before GC invocations=42 (full 0):
 garbage-first heap   total 214016K, used 176052K [0x0000000080000000, 0x0000000100000000)
  region size 1024K, 48 young (49152K), 7 survivors (7168K)
 Metaspace       used 99159K, committed 100032K, reserved 1179648K
  class space    used 13765K, committed 14208K, reserved 1048576K
}
Event: 18.754 GC heap after
{Heap after GC invocations=43 (full 0):
 garbage-first heap   total 214016K, used 144191K [0x0000000080000000, 0x0000000100000000)
  region size 1024K, 6 young (6144K), 6 survivors (6144K)
 Metaspace       used 99159K, committed 100032K, reserved 1179648K
  class space    used 13765K, committed 14208K, reserved 1048576K
}
Event: 18.766 GC heap before
{Heap before GC invocations=43 (full 0):
 garbage-first heap   total 214016K, used 175935K [0x0000000080000000, 0x0000000100000000)
  region size 1024K, 38 young (38912K), 6 survivors (6144K)
 Metaspace       used 99226K, committed 100160K, reserved 1179648K
  class space    used 13774K, committed 14272K, reserved 1048576K
}

