# JRE version: OpenJDK Runtime Environment Corretto-17.0.12.7.1 (17.0.12+7) (build 17.0.12+7-LTS)
# Java VM: OpenJDK 64-Bit Server VM Corretto-17.0.12.7.1 (17.0.12+7-LTS, mixed mode, sharing, tiered, compressed oops, compressed class ptrs, g1 gc, windows-amd64)
GC Precious Log:
 CPUs: 16 total, 16 available
 Memory: 15608M
 Large Page Support: Disabled
 NUMA Support: Disabled
 Compressed Oops: Enabled (32-bit)
 Heap Region Size: 1M
 Heap Min Capacity: 8M
 Heap Initial Capacity: 244M
 Heap Max Capacity: 2G
 Pre-touch: Disabled
 Parallel Workers: 13
 Concurrent Workers: 3
 Concurrent Refinement Workers: 13
 Periodic GC: Disabled
Heap:
 garbage-first heap   total 171008K, used 140339K [0x0000000080000000, 0x0000000100000000)
  region size 1024K, 29 young (29696K), 4 survivors (4096K)
 Metaspace       used 101285K, committed 102144K, reserved 1179648K
  class space    used 14108K, committed 14528K, reserved 1048576K
GC Heap History (20 events):
Event: 15.211 GC heap before
{Heap before GC invocations=34 (full 0):
 garbage-first heap   total 168960K, used 138029K [0x0000000080000000, 0x0000000100000000)
  region size 1024K, 51 young (52224K), 3 survivors (3072K)
 Metaspace       used 78810K, committed 79552K, reserved 1179648K
  class space    used 11015K, committed 11392K, reserved 1048576K
}
Event: 15.216 GC heap after
{Heap after GC invocations=35 (full 0):
 garbage-first heap   total 168960K, used 94384K [0x0000000080000000, 0x0000000100000000)
  region size 1024K, 7 young (7168K), 7 survivors (7168K)
 Metaspace       used 78810K, committed 79552K, reserved 1179648K
  class space    used 11015K, committed 11392K, reserved 1048576K
}
Event: 15.232 GC heap before
{Heap before GC invocations=35 (full 0):
 garbage-first heap   total 168960K, used 95408K [0x0000000080000000, 0x0000000100000000)
  region size 1024K, 8 young (8192K), 7 survivors (7168K)
 Metaspace       used 78853K, committed 79616K, reserved 1179648K
  class space    used 11021K, committed 11392K, reserved 1048576K
}
Event: 15.238 GC heap after
{Heap after GC invocations=36 (full 0):
 garbage-first heap   total 168960K, used 94976K [0x0000000080000000, 0x0000000100000000)
  region size 1024K, 1 young (1024K), 1 survivors (1024K)
 Metaspace       used 78853K, committed 79616K, reserved 1179648K
  class space    used 11021K, committed 11392K, reserved 1048576K
}
Event: 15.964 GC heap before
{Heap before GC invocations=36 (full 0):
 garbage-first heap   total 168960K, used 139008K [0x0000000080000000, 0x0000000100000000)
  region size 1024K, 44 young (45056K), 1 survivors (1024K)
 Metaspace       used 81796K, committed 82560K, reserved 1179648K
  class space    used 11498K, committed 11904K, reserved 1048576K
}
Event: 15.969 GC heap after
{Heap after GC invocations=37 (full 0):
 garbage-first heap   total 168960K, used 97266K [0x0000000080000000, 0x0000000100000000)
  region size 1024K, 4 young (4096K), 4 survivors (4096K)
 Metaspace       used 81796K, committed 82560K, reserved 1179648K
  class space    used 11498K, committed 11904K, reserved 1048576K
}
Event: 16.629 GC heap before
{Heap before GC invocations=38 (full 0):
 garbage-first heap   total 171008K, used 139250K [0x0000000080000000, 0x0000000100000000)
  region size 1024K, 45 young (46080K), 4 survivors (4096K)
 Metaspace       used 84916K, committed 85696K, reserved 1179648K
  class space    used 11982K, committed 12352K, reserved 1048576K
}
Event: 16.633 GC heap after
{Heap after GC invocations=39 (full 0):
 garbage-first heap   total 171008K, used 99141K [0x0000000080000000, 0x0000000100000000)
  region size 1024K, 5 young (5120K), 5 survivors (5120K)
 Metaspace       used 84916K, committed 85696K, reserved 1179648K
  class space    used 11982K, committed 12352K, reserved 1048576K
}
Event: 16.727 GC heap before
{Heap before GC invocations=39 (full 0):
 garbage-first heap   total 171008K, used 101189K [0x0000000080000000, 0x0000000100000000)
  region size 1024K, 8 young (8192K), 5 survivors (5120K)
 Metaspace       used 85997K, committed 86784K, reserved 1179648K
  class space    used 12096K, committed 12480K, reserved 1048576K
}
Event: 16.731 GC heap after
{Heap after GC invocations=40 (full 0):
 garbage-first heap   total 171008K, used 99472K [0x0000000080000000, 0x0000000100000000)
  region size 1024K, 1 young (1024K), 1 survivors (1024K)
 Metaspace       used 85997K, committed 86784K, reserved 1179648K
  class space    used 12096K, committed 12480K, reserved 1048576K
}
Event: 17.315 GC heap before
{Heap before GC invocations=40 (full 0):
 garbage-first heap   total 171008K, used 142480K [0x0000000080000000, 0x0000000100000000)
  region size 1024K, 43 young (44032K), 1 survivors (1024K)
 Metaspace       used 88615K, committed 89472K, reserved 1179648K
  class space    used 12433K, committed 12864K, reserved 1048576K
}
Event: 17.318 GC heap after
{Heap after GC invocations=41 (full 0):
 garbage-first heap   total 171008K, used 102335K [0x0000000080000000, 0x0000000100000000)
  region size 1024K, 4 young (4096K), 4 survivors (4096K)
 Metaspace       used 88615K, committed 89472K, reserved 1179648K
  class space    used 12433K, committed 12864K, reserved 1048576K
}
Event: 17.893 GC heap before
{Heap before GC invocations=41 (full 0):
 garbage-first heap   total 171008K, used 142271K [0x0000000080000000, 0x0000000100000000)
  region size 1024K, 43 young (44032K), 4 survivors (4096K)
 Metaspace       used 90444K, committed 91264K, reserved 1179648K
  class space    used 12695K, committed 13120K, reserved 1048576K
}
Event: 17.898 GC heap after
{Heap after GC invocations=42 (full 0):
 garbage-first heap   total 171008K, used 105874K [0x0000000080000000, 0x0000000100000000)
  region size 1024K, 4 young (4096K), 4 survivors (4096K)
 Metaspace       used 90444K, committed 91264K, reserved 1179648K
  class space    used 12695K, committed 13120K, reserved 1048576K
}
Event: 18.659 GC heap before
{Heap before GC invocations=42 (full 0):
 garbage-first heap   total 171008K, used 142738K [0x0000000080000000, 0x0000000100000000)
  region size 1024K, 41 young (41984K), 4 survivors (4096K)
 Metaspace       used 92468K, committed 93312K, reserved 1179648K
  class space    used 13014K, committed 13440K, reserved 1048576K
}
Event: 18.664 GC heap after
{Heap after GC invocations=43 (full 0):
 garbage-first heap   total 171008K, used 109773K [0x0000000080000000, 0x0000000100000000)
  region size 1024K, 4 young (4096K), 4 survivors (4096K)
 Metaspace       used 92468K, committed 93312K, reserved 1179648K
  class space    used 13014K, committed 13440K, reserved 1048576K
}
Event: 22.519 GC heap before
{Heap before GC invocations=43 (full 0):
 garbage-first heap   total 171008K, used 143565K [0x0000000080000000, 0x0000000100000000)
  region size 1024K, 37 young (37888K), 4 survivors (4096K)
 Metaspace       used 98160K, committed 98944K, reserved 1179648K
  class space    used 13731K, committed 14144K, reserved 1048576K
}
Event: 22.525 GC heap after
{Heap after GC invocations=44 (full 0):
 garbage-first heap   total 171008K, used 113638K [0x0000000080000000, 0x0000000100000000)
  region size 1024K, 4 young (4096K), 4 survivors (4096K)
 Metaspace       used 98160K, committed 98944K, reserved 1179648K
  class space    used 13731K, committed 14144K, reserved 1048576K
}
Event: 23.042 GC heap before
{Heap before GC invocations=44 (full 0):
 garbage-first heap   total 171008K, used 142310K [0x0000000080000000, 0x0000000100000000)
  region size 1024K, 33 young (33792K), 4 survivors (4096K)
 Metaspace       used 100604K, committed 101440K, reserved 1179648K
  class space    used 14000K, committed 14400K, reserved 1048576K
}
Event: 23.047 GC heap after
{Heap after GC invocations=45 (full 0):
 garbage-first heap   total 171008K, used 116787K [0x0000000080000000, 0x0000000100000000)
  region size 1024K, 4 young (4096K), 4 survivors (4096K)
 Metaspace       used 100604K, committed 101440K, reserved 1179648K
  class space    used 14000K, committed 14400K, reserved 1048576K
}

